[    0.000000] Initializing cgroup subsys cpuset
[    0.000000] Initializing cgroup subsys cpu
[    0.000000] Initializing cgroup subsys cpuacct
[    0.000000] Linux version 4.4.0-93-generic (buildd@lgw01-23) (gcc version 5.4.0 20160609 (Ubuntu 5.4.0-6ubuntu1~16.04.4) ) #116-Ubuntu SMP Fri Aug 11 21:17:52 UTC 2017 (Ubuntu 4.4.0-93.116-generic 4.4.79)
[    0.000000] KERNEL supported cpus:
[    0.000000]   Intel GenuineIntel
[    0.000000]   AMD AuthenticAMD
[    0.000000]   NSC Geode by NSC
[    0.000000]   Cyrix CyrixInstead
[    0.000000]   Centaur CentaurHauls
[    0.000000]   Transmeta GenuineTMx86
[    0.000000]   Transmeta TransmetaCPU
[    0.000000]   UMC UMC UMC UMC
[    0.000000] x86/fpu: xstate_offset[2]:  576, xstate_sizes[2]:  256
[    0.000000] x86/fpu: Supporting XSAVE feature 0x01: 'x87 floating point registers'
[    0.000000] x86/fpu: Supporting XSAVE feature 0x02: 'SSE registers'
[    0.000000] x86/fpu: Supporting XSAVE feature 0x04: 'AVX registers'
[    0.000000] x86/fpu: Enabled xstate features 0x7, context size is 832 bytes, using 'standard' format.
[    0.000000] x86/fpu: Using 'lazy' FPU context switches.
[    0.000000] e820: BIOS-provided physical RAM map:
[    0.000000] BIOS-e820: [mem 0x0000000000000000-0x000000000009fbff] usable
[    0.000000] BIOS-e820: [mem 0x000000000009fc00-0x000000000009ffff] reserved
[    0.000000] BIOS-e820: [mem 0x00000000000f0000-0x00000000000fffff] reserved
[    0.000000] BIOS-e820: [mem 0x0000000000100000-0x000000003ffeffff] usable
[    0.000000] BIOS-e820: [mem 0x000000003fff0000-0x000000003fffffff] ACPI data
[    0.000000] BIOS-e820: [mem 0x00000000fec00000-0x00000000fec00fff] reserved
[    0.000000] BIOS-e820: [mem 0x00000000fee00000-0x00000000fee00fff] reserved
[    0.000000] BIOS-e820: [mem 0x00000000fffc0000-0x00000000ffffffff] reserved
[    0.000000] NX (Execute Disable) protection: active
[    0.000000] SMBIOS 2.5 present.
[    0.000000] Hypervisor detected: KVM
[    0.000000] e820: last_pfn = 0x3fff0 max_arch_pfn = 0x1000000
[    0.000000] MTRR: Disabled
[    0.000000] x86/PAT: MTRRs disabled, skipping PAT initialization too.
[    0.000000] CPU MTRRs all blank - virtualized system.
[    0.000000] x86/PAT: Configuration [0-7]: WB  WT  UC- UC  WB  WT  UC- UC  
[    0.000000] found SMP MP-table at [mem 0x0009fff0-0x0009ffff] mapped at [c009fff0]
[    0.000000] Scanning 1 areas for low memory corruption
[    0.000000] RAMDISK: [mem 0x36afe000-0x37576fff]
[    0.000000] ACPI: Early table checksum verification disabled
[    0.000000] ACPI: RSDP 0x00000000000E0000 000024 (v02 VBOX  )
[    0.000000] ACPI: XSDT 0x000000003FFF0030 00003C (v01 VBOX   VBOXXSDT 00000001 ASL  00000061)
[    0.000000] ACPI: FACP 0x000000003FFF00F0 0000F4 (v04 VBOX   VBOXFACP 00000001 ASL  00000061)
[    0.000000] ACPI: DSDT 0x000000003FFF0470 0021C8 (v02 VBOX   VBOXBIOS 00000002 INTL 20100528)
[    0.000000] ACPI: FACS 0x000000003FFF0200 000040
[    0.000000] ACPI: FACS 0x000000003FFF0200 000040
[    0.000000] ACPI: APIC 0x000000003FFF0240 00005C (v02 VBOX   VBOXAPIC 00000001 ASL  00000061)
[    0.000000] ACPI: SSDT 0x000000003FFF02A0 0001CC (v01 VBOX   VBOXCPUT 00000002 INTL 20100528)
[    0.000000] 131MB HIGHMEM available.
[    0.000000] 891MB LOWMEM available.
[    0.000000]   mapped low ram: 0 - 37bfe000
[    0.000000]   low ram: 0 - 37bfe000
[    0.000000] kvm-clock: Using msrs 4b564d01 and 4b564d00
[    0.000000] kvm-clock: cpu 0, msr 0:37bfd001, primary cpu clock
[    0.000000] kvm-clock: using sched offset of 3636305256 cycles
[    0.000000] clocksource: kvm-clock: mask: 0xffffffffffffffff max_cycles: 0x1cd42e4dffb, max_idle_ns: 881590591483 ns
[    0.000000] Zone ranges:
[    0.000000]   DMA      [mem 0x0000000000001000-0x0000000000ffffff]
[    0.000000]   Normal   [mem 0x0000000001000000-0x0000000037bfdfff]
[    0.000000]   HighMem  [mem 0x0000000037bfe000-0x000000003ffeffff]
[    0.000000] Movable zone start for each node
[    0.000000] Early memory node ranges
[    0.000000]   node   0: [mem 0x0000000000001000-0x000000000009efff]
[    0.000000]   node   0: [mem 0x0000000000100000-0x000000003ffeffff]
[    0.000000] Initmem setup node 0 [mem 0x0000000000001000-0x000000003ffeffff]
[    0.000000] Using APIC driver default
[    0.000000] ACPI: PM-Timer IO Port: 0x4008
[    0.000000] IOAPIC[0]: apic_id 2, version 32, address 0xfec00000, GSI 0-23
[    0.000000] ACPI: INT_SRC_OVR (bus 0 bus_irq 0 global_irq 2 dfl dfl)
[    0.000000] ACPI: INT_SRC_OVR (bus 0 bus_irq 9 global_irq 9 high level)
[    0.000000] Using ACPI (MADT) for SMP configuration information
[    0.000000] smpboot: Allowing 2 CPUs, 0 hotplug CPUs
[    0.000000] PM: Registered nosave memory: [mem 0x00000000-0x00000fff]
[    0.000000] PM: Registered nosave memory: [mem 0x0009f000-0x0009ffff]
[    0.000000] PM: Registered nosave memory: [mem 0x000a0000-0x000effff]
[    0.000000] PM: Registered nosave memory: [mem 0x000f0000-0x000fffff]
[    0.000000] e820: [mem 0x40000000-0xfebfffff] available for PCI devices
[    0.000000] Booting paravirtualized kernel on KVM
[    0.000000] clocksource: refined-jiffies: mask: 0xffffffff max_cycles: 0xffffffff, max_idle_ns: 7645519600211568 ns
[    0.000000] setup_percpu: NR_CPUS:8 nr_cpumask_bits:8 nr_cpu_ids:2 nr_node_ids:1
[    0.000000] PERCPU: Embedded 19 pages/cpu @f76b0000 s47436 r0 d30388 u77824
[    0.000000] PV qspinlock hash table entries: 512 (order: 0, 4096 bytes)
[    0.000000] Built 1 zonelists in Zone order, mobility grouping on.  Total pages: 259800
[    0.000000] Kernel command line: BOOT_IMAGE=/boot/vmlinuz-4.4.0-93-generic root=LABEL=cloudimg-rootfs ro console=tty1 console=ttyS0
[    0.000000] PID hash table entries: 4096 (order: 2, 16384 bytes)
[    0.000000] Dentry cache hash table entries: 131072 (order: 7, 524288 bytes)
[    0.000000] Inode-cache hash table entries: 65536 (order: 6, 262144 bytes)
[    0.000000] Initializing CPU#0
[    0.000000] Initializing HighMem for node 0 (00037bfe:0003fff0)
[    0.000000] Initializing Movable for node 0 (00000000:00000000)
[    0.000000] Memory: 1012204K/1048120K available (7965K kernel code, 771K rwdata, 3168K rodata, 940K init, 800K bss, 35916K reserved, 0K cma-reserved, 135112K highmem)
[    0.000000] virtual kernel memory layout:
[    0.000000]     fixmap  : 0xfff15000 - 0xfffff000   ( 936 kB)
[    0.000000]     pkmap   : 0xffc00000 - 0xffe00000   (2048 kB)
[    0.000000]     vmalloc : 0xf83fe000 - 0xffbfe000   ( 120 MB)
[    0.000000]     lowmem  : 0xc0000000 - 0xf7bfe000   ( 891 MB)
[    0.000000]       .init : 0xc1ba3000 - 0xc1c8e000   ( 940 kB)
[    0.000000]       .data : 0xc17c77ad - 0xc1ba1c00   (3945 kB)
[    0.000000]       .text : 0xc1000000 - 0xc17c77ad   (7965 kB)
[    0.000000] Checking if this processor honours the WP bit even in supervisor mode...Ok.
[    0.000000] SLUB: HWalign=64, Order=0-3, MinObjects=0, CPUs=2, Nodes=1
[    0.000000] Hierarchical RCU implementation.
[    0.000000] 	Build-time adjustment of leaf fanout to 32.
[    0.000000] 	RCU restricting CPUs from NR_CPUS=8 to nr_cpu_ids=2.
[    0.000000] RCU: Adjusting geometry for rcu_fanout_leaf=32, nr_cpu_ids=2
[    0.000000] NR_IRQS:2304 nr_irqs:440 16
[    0.000000] Console: colour VGA+ 80x25
[    0.000000] console [tty1] enabled
[    0.000000] console [ttyS0] enabled
[    0.000000] allocated 1048576 bytes of page_ext
[    0.000000] tsc: Detected 2593.992 MHz processor
[    3.308965] Calibrating delay loop (skipped) preset value.. 5187.98 BogoMIPS (lpj=10375968)
[    3.318192] pid_max: default: 32768 minimum: 301
[    3.360479] ACPI: Core revision 20150930
[    3.390621] ACPI: 2 ACPI AML tables successfully acquired and loaded
[    3.416488] Security Framework initialized
[    3.460386] Yama: becoming mindful.
[    3.487055] AppArmor: AppArmor initialized
[    3.558683] Mount-cache hash table entries: 2048 (order: 1, 8192 bytes)
[    3.723864] Mountpoint-cache hash table entries: 2048 (order: 1, 8192 bytes)
[    3.728467] Initializing cgroup subsys io
[    3.782845] Initializing cgroup subsys memory
[    3.807566] Initializing cgroup subsys devices
[    3.820001] Initializing cgroup subsys freezer
[    3.861858] Initializing cgroup subsys net_cls
[    3.963016] Initializing cgroup subsys perf_event
[    3.999658] Initializing cgroup subsys net_prio
[    4.079777] Initializing cgroup subsys hugetlb
[    4.156042] Initializing cgroup subsys pids
[    4.207715] CPU: Physical Processor ID: 0
[    4.286971] CPU: Processor Core ID: 0
[    4.357994] mce: CPU supports 0 MCE banks
[    4.450750] Last level iTLB entries: 4KB 64, 2MB 8, 4MB 8
[    4.495999] Last level dTLB entries: 4KB 64, 2MB 0, 4MB 0, 1GB 4
[    4.582634] Freeing SMP alternatives memory: 28K (c1c8e000 - c1c95000)
[    4.613839] ftrace: allocating 31417 entries in 62 pages
[    4.662489] smpboot: APIC(0) Converting physical 0 to logical package 0
[    4.676276] smpboot: Max logical packages: 1
[    4.700188] Enabling APIC mode:  Flat.  Using 1 I/O APICs
[    4.704145] ..TIMER: vector=0x30 apic1=0 pin1=2 apic2=-1 pin2=-1
[    4.819773] smpboot: CPU0: Intel(R) Core(TM) i7-5600U CPU @ 2.60GHz (family: 0x6, model: 0x3d, stepping: 0x4)
[    4.845824] Performance Events: unsupported p6 CPU model 61 no PMU driver, software events only.
[    4.853459] KVM setup paravirtual spinlock
[    4.854930] x86: Booting SMP configuration:
[    4.875392] .... node  #0, CPUs:      #1
[1266874886.073246] Initializing CPU#1
[    4.881041] kvm-clock: cpu 1, msr 0:37bfd041, secondary cpu clock
[    4.883680] mce: CPU supports 0 MCE banks
[    4.886201] x86: Booted up 1 node, 2 CPUs
[    4.890183] smpboot: Total of 2 processors activated (10375.96 BogoMIPS)
[    4.893423] devtmpfs: initialized
[    4.916318] evm: security.selinux
[    4.927948] evm: security.SMACK64
[    4.928519] evm: security.SMACK64EXEC
[    4.936917] evm: security.SMACK64TRANSMUTE
[    4.937567] evm: security.SMACK64MMAP
[    4.987866] evm: security.ima
[    4.988396] evm: security.capability
[    4.989252] clocksource: jiffies: mask: 0xffffffff max_cycles: 0xffffffff, max_idle_ns: 7645041785100000 ns
[    4.990663] futex hash table entries: 512 (order: 3, 32768 bytes)
[    5.033267] pinctrl core: initialized pinctrl subsystem
[    5.076411] RTC time: 20:46:25, date: 09/29/17
[    5.148599] NET: Registered protocol family 16
[    5.159829] EISA bus registered
[    5.173715] cpuidle: using governor ladder
[    5.193317] cpuidle: using governor menu
[    5.221257] PCCT header not found.
[    5.229105] ACPI: bus type PCI registered
[    5.250099] acpiphp: ACPI Hot Plug PCI Controller Driver version: 0.5
[    5.253755] PCI : PCI BIOS area is rw and x. Use pci=nobios if you want it NX.
[    5.261399] PCI: PCI BIOS revision 2.10 entry at 0xfda26, last bus=0
[    5.284340] PCI: Using configuration type 1 for base access
[    5.309488] ACPI: Added _OSI(Module Device)
[    5.322146] ACPI: Added _OSI(Processor Device)
[    5.335307] ACPI: Added _OSI(3.0 _SCP Extensions)
[    5.336788] ACPI: Added _OSI(Processor Aggregator Device)
[    5.339474] ACPI: Executed 1 blocks of module-level executable AML code
[    5.358497] ACPI: Interpreter enabled
[    5.364132] ACPI: (supports S0 S5)
[    5.367369] ACPI: Using IOAPIC for interrupt routing
[    5.378564] PCI: Using host bridge windows from ACPI; if necessary, use "pci=nocrs" and report a bug
[    5.426290] ACPI: PCI Root Bridge [PCI0] (domain 0000 [bus 00-ff])
[    5.449082] acpi PNP0A03:00: _OSC: OS supports [ASPM ClockPM Segments MSI]
[    5.486777] acpi PNP0A03:00: _OSC failed (AE_NOT_FOUND); disabling ASPM
[    5.506770] acpi PNP0A03:00: fail to add MMCONFIG information, can't access extended PCI configuration space under this bridge.
[    5.566050] PCI host bridge to bus 0000:00
[    5.584102] pci_bus 0000:00: root bus resource [io  0x0000-0x0cf7 window]
[    5.599780] pci_bus 0000:00: root bus resource [io  0x0d00-0xffff window]
[    5.601305] pci_bus 0000:00: root bus resource [mem 0x000a0000-0x000bffff window]
[    5.630410] pci_bus 0000:00: root bus resource [mem 0x40000000-0xffdfffff window]
[    5.690127] pci_bus 0000:00: root bus resource [bus 00-ff]
[    5.701768] pci 0000:00:01.1: legacy IDE quirk: reg 0x10: [io  0x01f0-0x01f7]
[    5.749922] pci 0000:00:01.1: legacy IDE quirk: reg 0x14: [io  0x03f6]
[    5.753382] pci 0000:00:01.1: legacy IDE quirk: reg 0x18: [io  0x0170-0x0177]
[    5.754473] pci 0000:00:01.1: legacy IDE quirk: reg 0x1c: [io  0x0376]
[    5.823111] pci 0000:00:07.0: quirk: [io  0x4000-0x403f] claimed by PIIX4 ACPI
[    5.863974] pci 0000:00:07.0: quirk: [io  0x4100-0x410f] claimed by PIIX4 SMB
[    5.896533] ACPI: PCI Interrupt Link [LNKA] (IRQs 5 9 10 *11)
[    5.911624] ACPI: PCI Interrupt Link [LNKB] (IRQs 5 9 10 *11)
[    5.939087] ACPI: PCI Interrupt Link [LNKC] (IRQs 5 9 *10 11)
[    5.940314] ACPI: PCI Interrupt Link [LNKD] (IRQs 5 *9 10 11)
[    5.948737] ACPI: Enabled 2 GPEs in block 00 to 07
[    5.949802] vgaarb: setting as boot device: PCI:0000:00:02.0
[    5.989205] vgaarb: device added: PCI:0000:00:02.0,decodes=io+mem,owns=io+mem,locks=none
[    5.990456] vgaarb: loaded
[    5.992150] vgaarb: bridge control possible 0000:00:02.0
[    6.019108] SCSI subsystem initialized
[    6.067112] ACPI: bus type USB registered
[    6.078439] usbcore: registered new interface driver usbfs
[    6.080073] usbcore: registered new interface driver hub
[    6.102578] usbcore: registered new device driver usb
[    6.146380] PCI: Using ACPI for IRQ routing
[    6.201499] NetLabel: Initializing
[    6.247636] NetLabel:  domain hash size = 128
[    6.270216] NetLabel:  protocols = UNLABELED CIPSOv4
[    6.343823] NetLabel:  unlabeled traffic allowed by default
[    6.424387] amd_nb: Cannot enumerate AMD northbridges
[    6.448586] clocksource: Switched to clocksource kvm-clock
[    6.480144] AppArmor: AppArmor Filesystem Enabled
[    6.494355] pnp: PnP ACPI init
[    6.502491] pnp: PnP ACPI: found 3 devices
[    6.518573] PnPBIOS: Disabled by ACPI PNP
[    6.638937] clocksource: acpi_pm: mask: 0xffffff max_cycles: 0xffffff, max_idle_ns: 2085701024 ns
[    6.679991] NET: Registered protocol family 2
[    6.681187] TCP established hash table entries: 8192 (order: 3, 32768 bytes)
[    6.708831] TCP bind hash table entries: 8192 (order: 4, 65536 bytes)
[    6.729173] TCP: Hash tables configured (established 8192 bind 8192)
[    6.824222] UDP hash table entries: 512 (order: 2, 16384 bytes)
[    6.825082] UDP-Lite hash table entries: 512 (order: 2, 16384 bytes)
[    6.826250] NET: Registered protocol family 1
[    6.878695] pci 0000:00:00.0: Limiting direct PCI/PCI transfers
[    6.880268] pci 0000:00:01.0: Activating ISA DMA hang workarounds
[    6.937503] Unpacking initramfs...
[    8.749404] Freeing initrd memory: 10724K (f6afe000 - f7577000)
[    8.871145] RAPL PMU detected, API unit is 2^-32 Joules, 4 fixed counters 10737418240 ms ovfl timer
[    8.953765] hw unit of domain pp0-core 2^-0 Joules
[    8.999449] hw unit of domain package 2^-0 Joules
[    9.051356] hw unit of domain dram 2^-0 Joules
[    9.102055] hw unit of domain pp1-gpu 2^-0 Joules
[    9.107561] platform rtc_cmos: registered platform RTC device (no PNP device found)
[    9.138706] Scanning for low memory corruption every 60 seconds
[    9.167006] audit: initializing netlink subsys (disabled)
[    9.203237] audit: type=2000 audit(1506717989.073:1): initialized
[    9.205188] Initialise system trusted keyring
[    9.224072] HugeTLB registered 2 MB page size, pre-allocated 0 pages
[    9.237816] zbud: loaded
[    9.262276] VFS: Disk quotas dquot_6.6.0
[    9.321811] VFS: Dquot-cache hash table entries: 1024 (order 0, 4096 bytes)
[    9.338715] squashfs: version 4.0 (2009/01/31) Phillip Lougher
[    9.339853] fuse init (API version 7.23)
[    9.378138] Key type big_key registered
[    9.418838] Allocating IMA MOK and blacklist keyrings.
[    9.455083] Key type asymmetric registered
[    9.493998] Asymmetric key parser 'x509' registered
[    9.546330] bounce: pool size: 64 pages
[    9.562030] Block layer SCSI generic (bsg) driver version 0.4 loaded (major 249)
[    9.651912] io scheduler noop registered
[    9.670082] io scheduler deadline registered (default)
[    9.696633] io scheduler cfq registered
[    9.697538] pci_hotplug: PCI Hot Plug PCI Core version: 0.5
[    9.782748] pciehp: PCI Express Hot Plug Controller Driver version: 0.4
[    9.841846] ACPI: AC Adapter [AC] (on-line)
[    9.847156] input: Power Button as /devices/LNXSYSTM:00/LNXPWRBN:00/input/input0
[    9.864725] ACPI: Power Button [PWRF]
[    9.921323] input: Sleep Button as /devices/LNXSYSTM:00/LNXSLPBN:00/input/input1
[    9.938159] ACPI: Sleep Button [SLPF]
[    9.939376] GHES: HEST is not enabled!
[    9.940078] ACPI: Battery Slot [BAT0] (battery present)
[    9.943454] isapnp: Scanning for PnP cards...
[    9.948799] Serial: 8250/16550 driver, 32 ports, IRQ sharing enabled
[    9.977082] 00:02: ttyS0 at I/O 0x3f8 (irq = 4, base_baud = 115200) is a 16550A
[    9.990936] Linux agpgart interface v0.103
[    9.996438] loop: module loaded
[   10.010596] scsi host0: ata_piix
[   10.016963] scsi host1: ata_piix
[   10.017880] ata1: PATA max UDMA/33 cmd 0x1f0 ctl 0x3f6 bmdma 0xd000 irq 14
[   10.019299] ata2: PATA max UDMA/33 cmd 0x170 ctl 0x376 bmdma 0xd008 irq 15
[   10.022074] libphy: Fixed MDIO Bus: probed
[   10.024066] tun: Universal TUN/TAP device driver, 1.6
[   10.025065] tun: (C) 1999-2004 Max Krasnyansky <maxk@qualcomm.com>
[   10.043681] PPP generic driver version 2.4.2
[   10.050083] ehci_hcd: USB 2.0 'Enhanced' Host Controller (EHCI) Driver
[   10.051478] ehci-pci: EHCI PCI platform driver
[   10.079600] ehci-platform: EHCI generic platform driver
[   10.088021] ohci_hcd: USB 1.1 'Open' Host Controller (OHCI) Driver
[   10.089231] ohci-pci: OHCI PCI platform driver
[   10.093761] ohci-platform: OHCI generic platform driver
[   10.106478] tsc: Refined TSC clocksource calibration: 2593.736 MHz
[   10.154034] clocksource: tsc: mask: 0xffffffffffffffff max_cycles: 0x25631ed1fe3, max_idle_ns: 440795269727 ns
[   10.197214] uhci_hcd: USB Universal Host Controller Interface driver
[   10.206919] i8042: PNP: PS/2 Controller [PNP0303:PS2K,PNP0f03:PS2M] at 0x60,0x64 irq 1,12
[   10.250727] serio: i8042 KBD port at 0x60,0x64 irq 1
[   10.266769] serio: i8042 AUX port at 0x60,0x64 irq 12
[   10.269532] mousedev: PS/2 mouse device common for all mice
[   10.285726] input: AT Translated Set 2 keyboard as /devices/platform/i8042/serio0/input/input2
[   10.319043] isapnp: No Plug & Play device found
[   10.321742] rtc_cmos rtc_cmos: rtc core: registered rtc_cmos as rtc0
[   10.321798] rtc_cmos rtc_cmos: alarms up to one day, 114 bytes nvram
[   10.321811] i2c /dev entries driver
[   10.321866] device-mapper: uevent: version 1.0.3
[   10.329383] device-mapper: ioctl: 4.34.0-ioctl (2015-10-28) initialised: dm-devel@redhat.com
[   10.329441] platform eisa.0: Probing EISA bus 0
[   10.329443] platform eisa.0: EISA: Cannot allocate resource for mainboard
[   10.329445] platform eisa.0: Cannot allocate resource for EISA slot 1
[   10.329446] platform eisa.0: Cannot allocate resource for EISA slot 2
[   10.329447] platform eisa.0: Cannot allocate resource for EISA slot 3
[   10.329448] platform eisa.0: Cannot allocate resource for EISA slot 4
[   10.329449] platform eisa.0: Cannot allocate resource for EISA slot 5
[   10.329450] platform eisa.0: Cannot allocate resource for EISA slot 6
[   10.329451] platform eisa.0: Cannot allocate resource for EISA slot 7
[   10.329453] platform eisa.0: Cannot allocate resource for EISA slot 8
[   10.329454] platform eisa.0: EISA: Detected 0 cards
[   10.329468] cpufreq-nforce2: No nForce2 chipset.
[   10.329479] ledtrig-cpu: registered to indicate activity on CPUs
[   10.329813] NET: Registered protocol family 10
[   10.330051] NET: Registered protocol family 17
[   10.330062] Key type dns_resolver registered
[   10.332502] microcode: CPU0 sig=0x306d4, pf=0x40, revision=0x0
[   10.342968] microcode: CPU1 sig=0x306d4, pf=0x40, revision=0x0
[   10.343037] microcode: Microcode Update Driver: v2.01 <tigran@aivazian.fsnet.co.uk>, Peter Oruba
[   10.343054] Using IPI No-Shortcut mode
[   10.343207] registered taskstats version 1
[   10.343224] Loading compiled-in X.509 certificates
[   10.346207] Loaded X.509 cert 'Build time autogenerated kernel key: 2453f907a00a5aa2dddcf83a7452e205d4a0e807'
[   10.346247] zswap: loaded using pool lzo/zbud
[   10.349153] Key type trusted registered
[   10.352372] Key type encrypted registered
[   10.352380] AppArmor: AppArmor sha1 policy hashing enabled
[   10.352393] ima: No TPM chip found, activating TPM-bypass!
[   10.352417] evm: HMAC attrs: 0x1
[   10.352734]   Magic number: 1:557:802
[   10.370866] rtc_cmos rtc_cmos: setting system clock to 2017-09-29 20:46:30 UTC (1506717990)
[   10.370966] BIOS EDD facility v0.16 2004-Jun-25, 0 devices found
[   10.370966] EDD information not available.
[   11.136327] Freeing unused kernel memory: 940K (c1ba3000 - c1c8e000)
[   11.156531] Write protecting the kernel text: 7968k
[   11.169916] Write protecting the kernel read-only data: 3172k
[   11.183484] NX-protecting the kernel data: 6368k
Loading, please wait...
starting version[   11.206671] random: systemd-udevd: uninitialized urandom read (16 bytes read, 4 bits of entropy available)
 229
[   11.207311] random: udevadm: uninitialized urandom read (16 bytes read, 4 bits of entropy available)
[   11.207348] random: udevadm: uninitialized urandom read (16 bytes read, 4 bits of entropy available)
[   11.207598] random: udevadm: uninitialized urandom read (16 bytes read, 4 bits of entropy available)
[   11.207679] random: udevadm: uninitialized urandom read (16 bytes read, 4 bits of entropy available)
[   11.207739] random: udevadm: uninitialized urandom read (16 bytes read, 4 bits of entropy available)
[   11.207847] random: udevadm: uninitialized urandom read (16 bytes read, 4 bits of entropy available)
[   11.207916] random: udevadm: uninitialized urandom read (16 bytes read, 4 bits of entropy available)
[   11.208096] random: udevadm: uninitialized urandom read (16 bytes read, 4 bits of entropy available)
[   11.208175] random: udevadm: uninitialized urandom read (16 bytes read, 4 bits of entropy available)
[   11.441437] e1000: Intel(R) PRO/1000 Network Driver - version 7.3.21-k8-NAPI
[   11.457443] e1000: Copyright (c) 1999-2006 Intel Corporation.
[   11.460136] Fusion MPT base driver 3.04.20
[   11.485757] Copyright (c) 1999-2008 LSI Corporation
[   11.552375] Fusion MPT SPI Host driver 3.04.20
[   11.769947] input: ImExPS/2 Generic Explorer Mouse as /devices/platform/i8042/serio1/input/input4
[   11.901714] e1000 0000:00:03.0 eth0: (PCI:33MHz:32-bit) 02:e0:9b:a5:22:0e
[   11.915125] e1000 0000:00:03.0 eth0: Intel(R) PRO/1000 Network Connection
[   11.921647] mptbase: ioc0: Initiating bringup
[   11.933381] e1000 0000:00:03.0 enp0s3: renamed from eth0
[   11.996789] ioc0: LSI53C1030 A0: Capabilities={Initiator}
[   12.198262] scsi host2: ioc0: LSI53C1030 A0, FwRev=00000000h, Ports=1, MaxQ=256, IRQ=20
[   12.340948] scsi 2:0:0:0: Direct-Access     VBOX     HARDDISK         1.0  PQ: 0 ANSI: 5
[   12.412112] scsi target2:0:0: Beginning Domain Validation
[   12.423095] scsi target2:0:0: Domain Validation skipping write tests
[   12.425339] scsi target2:0:0: Ending Domain Validation
[   12.433891] scsi target2:0:0: asynchronous
[   12.456503] scsi 2:0:1:0: Direct-Access     VBOX     HARDDISK         1.0  PQ: 0 ANSI: 5
[   12.474081] scsi target2:0:1: Beginning Domain Validation
[   12.498569] scsi target2:0:1: Domain Validation skipping write tests
[   12.525146] scsi target2:0:1: Ending Domain Validation
[   12.547449] scsi target2:0:1: asynchronous
[   12.563204] sd 2:0:0:0: [sda] 20971520 512-byte logical blocks: (10.7 GB/10.0 GiB)
[   12.576537] sd 2:0:0:0: Attached scsi generic sg0 type 0
[   12.586276] sd 2:0:0:0: [sda] Write Protect is off
[   12.586671] sd 2:0:1:0: [sdb] 20480 512-byte logical blocks: (10.5 MB/10.0 MiB)
[   12.586823] sd 2:0:1:0: [sdb] Write Protect is off
[   12.586941] sd 2:0:1:0: [sdb] Incomplete mode parameter data
[   12.586943] sd 2:0:1:0: [sdb] Assuming drive cache: write through
[   12.587558] sd 2:0:1:0: Attached scsi generic sg1 type 0
[   12.590711] sd 2:0:1:0: [sdb] Attached SCSI disk
[   12.891325] sd 2:0:0:0: [sda] Incomplete mode parameter data
[   12.901798] sd 2:0:0:0: [sda] Assuming drive cache: write through
[   12.915349]  sda: sda1
[   12.941818] sd 2:0:0:0: [sda] Attached SCSI disk
[   14.461750] floppy0: no floppy controllers found
Begin: Loading e[   15.932356] md: linear personality registered for level -1
ssential drivers[   15.948657] md: multipath personality registered for level -4
 ... [   15.978724] md: raid0 personality registered for level 0
[   16.010103] md: raid1 personality registered for level 1
[   16.088986] raid6: mmxx1    gen()  5013 MB/s
[   16.168621] raid6: mmxx2    gen()  5380 MB/s
[   16.253065] raid6: sse1x1   gen()  4007 MB/s
[   16.337007] raid6: sse1x2   gen()  5835 MB/s
[   16.412898] raid6: sse2x1   gen()  9614 MB/s
[   16.525054] raid6: sse2x1   xor()  6287 MB/s
[   16.628647] raid6: sse2x2   gen() 11930 MB/s
[   16.700602] raid6: sse2x2   xor()  7729 MB/s
[   16.715235] raid6: using algorithm sse2x2 gen() 11930 MB/s
[   16.719237] raid6: .... xor() 7729 MB/s, rmw enabled
[   16.733043] raid6: using ssse3x1 recovery algorithm
[   16.739124] xor: automatically using best checksumming function:
[   16.797034]    avx       : 22583.000 MB/sec
[   16.814046] async_tx: api initialized (async)
[   16.852025] md: raid6 personality registered for level 6
[   16.877730] md: raid5 personality registered for level 5
[   16.912878] md: raid4 personality registered for level 4
[   16.924840] md: raid10 personality registered for level 10
done.
Begin: Running /scripts/init-premount ... done.
Begin: Mounting root file system ... Begin: Running /scr[   17.022326] Btrfs loaded
ipts/local-top ... done.
Begin: Running /scripts/local-premount ... Scanning for Btrfs filesystems
done.
Warning: fsck no[   17.145847] EXT4-fs (sda1): mounted filesystem with ordered data mode. Opts: (null)
t present, so skipping root file system
done.
Begin: Running /scripts/local-bottom ... done.
Begin: Running /scripts/init-bottom ... done.
[   17.305520] systemd[1]: systemd 229 running in system mode. (+PAM +AUDIT +SELINUX +IMA +APPARMOR +SMACK +SYSVINIT +UTMP +LIBCRYPTSETUP +GCRYPT +GNUTLS +ACL +XZ -LZ4 +SECCOMP +BLKID +ELFUTILS +KMOD -IDN)
[   17.432338] systemd[1]: Detected virtualization oracle.
[   17.452739] systemd[1]: Detected architecture x86.

Welcome to [1mUbuntu 16.04.3 LTS[0m!

[   17.479498] systemd[1]: Set hostname to <ubuntu>.
[   17.506800] systemd[1]: Initializing machine ID from random generator.
[   17.554819] systemd[1]: Installed transient /etc/machine-id file.
[   17.747941] systemd[1]: Reached target Encrypted Volumes.
[[0;32m  OK  [0m] Reached target Encrypted Volumes.
[   17.781962] systemd[1]: Listening on udev Control Socket.
[[0;32m  OK  [0m] Listening on udev Control Socket.
[   17.802047] systemd[1]: Set up automount Arbitrary Executable File Formats File System Automount Point.
[[0;32m  OK  [0m] Set up automount Arbitrary Executab...ats File System Automount Point.
[   17.926021] systemd[1]: Listening on Syslog Socket.
[[0;32m  OK  [0m] Listening on Syslog Socket.
[   18.045373] systemd[1]: Listening on Journal Socket.
[[0;32m  OK  [0m] Listening on Journal Socket.
[   18.185894] systemd[1]: Listening on Device-mapper event daemon FIFOs.
[[0;32m  OK  [0m] Listening on Device-mapper event daemon FIFOs.
[   18.326138] systemd[1]: Created slice System Slice.
[[0;32m  OK  [0m] Created slice System Slice.
[   18.501793] systemd[1]: Starting Create list of required static device nodes for the current kernel...
         Starting Create list of required st... nodes for the current kernel...
[   18.633498] systemd[1]: Starting Nameserver information manager...
         Starting Nameserver information manager...
[   18.717073] systemd[1]: Starting Set console keymap...
[   18.768433] random: nonblocking pool is initialized
         Starting Set console keymap...
[   18.873040] systemd[1]: Starting Remount Root and Kernel File Systems...
         Starting Remount[   18.886776] EXT4-fs (sda1): re-mounted. Opts: (null)
 Root and Kernel File Systems...
[   18.973145] systemd[1]: Created slice system-serial\x2dgetty.slice.
[[0;32m  OK  [0m] Created slice system-serial\x2dgetty.slice.
[   19.141703] systemd[1]: Mounting Debug File System...
         Mounting Debug File System...
[   19.217083] systemd[1]: Listening on LVM2 poll daemon socket.
[[0;32m  OK  [0m] Listening on LVM2 poll daemon socket.
[   19.432986] systemd[1]: Listening on Journal Socket (/dev/log).
[[0;32m  OK  [0m] Listening on Journal Socket (/dev/log).
[   19.549375] systemd[1]: Started Forward Password Requests to Wall Directory Watch.
[[0;32m  OK  [0m] Started Forward Password Requests to Wall Directory Watch.
[   19.705270] systemd[1]: Mounting POSIX Message Queue File System...
         Mounting POSIX Message Queue File System...
[   19.833777] systemd[1]: Starting Uncomplicated firewall...
         Starting Uncomplicated firewall...
[   19.889127] systemd[1]: Started Trigger resolvconf update for networkd DNS.
[[0;32m  OK  [0m] Started Trigger resolvconf update for networkd DNS.
[   19.929780] systemd[1]: Listening on /dev/initctl Compatibility Named Pipe.
[[0;32m  OK  [0m] Listening on /dev/initctl Compatibility Named Pipe.
[   20.045310] systemd[1]: Listening on LVM2 metadata daemon socket.
[[0;32m  OK  [0m] Listening on LVM2 metadata daemon socket.
[   20.209361] systemd[1]: Starting Monitoring of LVM2 mirrors, snapshots etc. using dmeventd or progress polling...
         Starting Monitoring of LVM2 mirrors... dmeventd or progress polling...
[   20.297780] systemd[1]: Listening on udev Kernel Socket.
[[0;32m  OK  [0m] Listening on udev Kernel Socket.
[   20.441068] systemd[1]: Reached target Swap.
[[0;32m  OK  [0m] Reached target Swap.
[   20.565199] systemd[1]: Starting Load Kernel Modules...
         Starting Load Ke[   20.612428] Loading iSCSI transport class v2.0-870.
rnel Modules...
[   20.642324] systemd[1]: Listening on Journal Audit Socket.
[   20.645429] iscsi: registered transport (tcp)
[[0;32m  OK  [0m] Listening on Journal Audit Socket.
[   20.697058] systemd[1]: Starting Journal Service...
         [   20.755535] iscsi: registered transport (iser)
Starting Journal Service...
[   20.825540] systemd[1]: Mounting Huge Pages File System...
         Mounting Huge Pages File System...
[   20.907250] systemd[1]: Created slice User and Session Slice.
[[0;32m  OK  [0m] Created slice User and Session Slice.
[   20.937173] systemd[1]: Reached target Slices.
[[0;32m  OK  [0m] Reached target Slices.
[   20.946822] systemd[1]: Reached target User and Group Name Lookups.
[[0;32m  OK  [0m] Reached target User and Group Name Lookups.
[   20.989922] systemd[1]: Mounted Huge Pages File System.
[[0;32m  OK  [0m] Mounted Huge Pages File System.
[   21.181160] systemd[1]: Mounted POSIX Message Queue File System.
[[0;32m  OK  [0m] Mounted POSIX Message Queue File System.
[   21.314155] systemd[1]: Mounted Debug File System.
[[0;32m  OK  [0m] Mounted Debug File System.
[   21.421595] systemd[1]: Started Journal Service.
[[0;32m  OK  [0m] Started Journal Service.
[[0;32m  OK  [0m] Started Create list of required sta...ce nodes for the current kernel.
[[0;32m  OK  [0m] Started Set console keymap.
[[0;32m  OK  [0m] Started Remount Root and Kernel File Systems.
[[0;32m  OK  [0m] Started Uncomplicated firewall.
[[0;32m  OK  [0m] Started Load Kernel Modules.
[[0;32m  OK  [0m] Started Nameserver information manager.
[[0;32m  OK  [0m] Started LVM2 metadata daemon.
         Mounting FUSE Control File System...
         Starting Apply Kernel Variables...
         Starting udev Coldplug all Devices...
         Starting Initial cloud-init job (pre-networking)...
         Starting Load/Save Random Seed...
         Starting Create Static Device Nodes in /dev...
         Starting Flush Journal to Persistent Storage...
[[0;32m  OK  [0m] Mounted FUSE Control File System.
[[0;32m  OK  [0m] Started Apply Kernel Variables.
[[0;32m  OK  [0m] Started Monitoring of LVM2 mirrors,...ng dmeventd or progress polling.
[[0;32m  OK  [0m] Started Load/Save Random Seed.
[[0;32m  OK  [0m] Started Create Static Device Nodes in /dev.
[[0;32m  OK  [0m] Started udev Coldplug all Devices.
[[0;32m  OK  [0m] Started Flush Journal to Persistent Storage.
         Starting udev Kernel Device Manager...
[[0;32m  OK  [0m] Started udev Kernel Device Manager.
[[0;32m  OK  [0m] Reached target Local File Systems (Pre).
[[0;32m  OK  [0m] Reached target Local File Systems.
         Starting LSB: AppArmor initialization...
         Starting Commit a transient machine-id on disk...
         Starting Set console font and keymap...
         Starting Create Volatile Files and Directories...
         Starting Tell Plymouth To Write Out Runtime Data...
[[0;32m  OK  [0m] Started Dispatch Password Requests to Console Directory Watch.
[[0;32m  OK  [0m] Started Commit a transient machine-id on disk.
[[0;32m  OK  [0m] Started Create Volatile Files and Directories.
[   17.249318] [cloud-init[0;32m  OK  [0m[442]: ] Cloud-init v. 0.7.9 running 'init-local' at Fri, 29 Sep 2017 20:46:42 +0000. Up 16.79 seconds.Started Tell Plymouth To Write Out Runtime Data.

[[0;32m  OK  [0m] Started Initial cloud-init job (pre-networking).
[[0;32m  OK  [0m] Found device /dev/ttyS0.
[[0;32m  OK  [0m] Started Set console font and keymap.
[[0;32m  OK  [0m] Listening on Load/Save RF Kill Switch Status /dev/rfkill Watch.
[[0;32m  OK  [0m] Created slice system-getty.slice.
[[0;32m  OK  [0m] Reached target Network (Pre).
         Starting Update UTMP about System Boot/Shutdown...
[[0;32m  OK  [0m] Reached target System Time Synchronized.
[[0;32m  OK  [0m] Started Update UTMP about System Boot/Shutdown.
[[0;32m  OK  [0m] Started LSB: AppArmor initialization.
         Starting Raise network interfaces...
[[0;32m  OK  [0m] Started Raise network interfaces.
         Starting Initial cloud-init job (metadata service crawler)...
[[0;32m  OK  [0m] Reached target Network.
[   21.294285] cloud-init[917]: Cloud-init v. 0.7.9 running 'init' at Fri, 29 Sep 2017 20:46:46 +0000. Up 20.48 seconds.
[   21.340888] cloud-init[917]: ci-info: +++++++++++++++++++++++++++++++++++++Net device info++++++++++++++++++++++++++++++++++++++
[   21.362021] [cloud-init[0;32m  OK  [0m[917]: ] ci-info: +--------+------+----------------------------+---------------+-------+-------------------+Started Initial cloud-init job (metadata service crawler).

[   21.362344] cloud-init[917]: ci-info: | Device |  Up  |          Address           |      Mask     | Scope |     Hw-Address    |
[   21.410239] [cloud-init[0;32m  OK  [0m[917]: ] ci-info: +--------+------+----------------------------+---------------+-------+-------------------+Reached target Cloud-config availability.

[[0;32m  OK  [0m] Reached target Network is Online.
[   21.410653] cloud-init[917]: ci-info: | enp0s3 | True |         10.0.2.15          | 255.255.255.0 |   .   | 02:e0:9b:a5:22:0e |
[   21.466318] cloud-init[917]: ci-info: | enp0s3 | True | fe80::e0:9bff:fea5:220e/64 |       .       |  link | 02:e0:9b:a5:22:0e |
[   21.484412]          cloud-initStarting iSCSI initiator daemon (iscsid)...[917]: 
ci-info: |   lo   | True |         127.0.0.1          |   255.0.0.0   |   .   |         .         |
[   21.500868] [cloud-init[0;32m  OK  [0m[917]: ] ci-info: |   lo   | True |          ::1/128           |       .       |  host |         .         |Reached target System Initialization.

[   21.528351]          cloud-initStarting LXD - unix socket.[917]: 
ci-info: +--------+------+----------------------------+---------------+-------+-------------------+
[[0;32m  OK  [0m] Started Timer to automatically fetch and run repair assertions.
[[0;32m  OK  [0m] Listening on ACPID Listen Socket.
[[0;32m  OK  [0m] Listening on D-Bus System Message Bus Socket.
[   21.603951] cloud-init[917]: ci-info: +++++++++++++++++++++++++++Route IPv4 info++++++++++++++++++++++++++++
[   21.804302] cloud-init[917]: ci-info: +-------+-------------+----------+---------------+-----------+-------+
[   21.818505] [cloud-init[0;32m  OK  [0m[917]: ] ci-info: | Route | Destination | Gateway  |    Genmask    | Interface | Flags |Started Daily apt download activities.

[   21.884869] [cloud-init[0;32m  OK  [0m[917]: ] ci-info: +-------+-------------+----------+---------------+-----------+-------+Started Timer to automatically refresh installed snaps.

[[0;32m  OK  [0m] Started Daily Cleanup of Temporary Directories.
         Starting Socket activation for snappy daemon.
[   21.885395] cloud-init[917]: ci-info: |   0   |   0.0.0.0   | 10.0.2.2 |    0.0.0.0    |   enp0s3  |   UG  |
[   21.978961] [cloud-init[0;32m  OK  [0m[917]: ] ci-info: |   1   |   10.0.2.0  | 0.0.0.0  | 255.255.255.0 |   enp0s3  |   U   |Started ACPI Events Check.

[   21.979345] [cloud-init[0;32m  OK  [0m[917]: ] ci-info: +-------+-------------+----------+---------------+-----------+-------+Reached target Paths.

[   22.112781] [cloud-init[0;32m  OK  [0m[917]: ] Generating public/private rsa key pair.Listening on UUID daemon activation socket.

[[0;32m  OK  [0m] Started Daily apt upgrade and clean activities.
[[0;32m  OK  [0m] Reached target Timers.
[   22.113229] cloud-init[917]: Your identification has been saved in /etc/ssh/ssh_host_rsa_key.
[   22.191792] [cloud-init[0;32m  OK  [0m[917]: ] Your public key has been saved in /etc/ssh/ssh_host_rsa_key.pub.Listening on LXD - unix socket.

[[0;32m  OK  [0m] Listening on Socket activation for snappy daemon.
[   22.236018] cloud-init[917]: The key fingerprint is:
[   22.272380] [cloud-init[0;32m  OK  [0m[917]: ] SHA256:Kd9J/MldVpYme0XsWmD/JfOuA8xx8Ec318rjzWtB6cw root@ubuntu-xenialStarted iSCSI initiator daemon (iscsid).

[   22.273268] cloud-init[917]: The key's randomart image is:
[   22.396462]          cloud-initStarting Login to default iSCSI targets...[917]: 
+---[RSA 2048]----+
[   22.412634] [cloud-init[0;32m  OK  [0m[917]: ] |               .o|Reached target Sockets.

[   22.413057] [cloud-init[0;32m  OK  [0m[917]: ] |            . ooB|Reached target Basic System.

         Starting Pollinate to seed the pseudo random number generator...
[   22.535399] cloud-init[917]: |             * OO|
[   22.601041]          cloud-initStarting Login Service...[917]: 
|         o  . %+O|
[   22.618142]          cloud-initStarting LSB: Record successful boot for GRUB...[917]: 
|      . S oo ==%=|
[   22.645800]          cloud-initStarting /etc/rc.local Compatibility...[917]: 
|       o o ++o+E=|
[   22.663564]          cloud-initStarting System Logging Service...[917]: 
|        . o +...o|
[   22.663959] cloud-init[917]: |              .o.|
[   22.711454] [cloud-init[0;32m  OK  [0m[917]: ] |              oo |Started Deferred execution scheduler.

[   22.712223] cloud-init[917]: +----[SHA256]-----+
         Starting Accounts Service...
[   22.753154] cloud-init[917]: Generating public/private dsa key pair.
[   22.794929]          Starting Apply the settings specified in cloud-config...
[[0;32m  OK  [0m] Started Unattended Upgrades Shutdown.
[[0;32m  OK  [0m] Started FUSE filesystem for LXC.
cloud-init[917]: Your identification has been saved in /etc/ssh/ssh_host_dsa_key.
[[0;32m  OK  [0m] Started D-Bus System Message Bus.
[   22.799021] cloud-init[917]: Your public key has been saved in /etc/ssh/ssh_host_dsa_key.pub.
[   22.860438] cloud-init[917]: The key fingerprint is:
[   22.872660] cloud-init[917]: SHA256:Q2n6BsRIqs1vf/gC8HkRECypcDQ9uY0kmZZolNg7Ieg root@ubuntu-xenial
         Starting Snappy daemon...
[   22.929188] cloud-init[917]: The key's randomart image is:
[   22.953248] cloud-init[917]: +---[DSA 1024]----+
[   22.960653] cloud-init[917]: |+=+B++           |
         Starting LSB: MD monitoring daemon...
[   22.981373] cloud-init[917]: |*o%+*o.  .       |
[[0;32m  OK  [0m] Started Regular background program processing daemon.
[   23.027314] cloud-init[917]: |+=.*.=o.+        |
[   23.053936] cloud-init[917]: |.E+ o.o+         |
[   23.058020] cloud-init[917]: |. o+ .o.S        |
[[0;32m  OK  [0m] Started ACPI event daemon.
[   23.098930] cloud-init[917]: |   .+ .o .       |
[   23.115574] cloud-init[917]: |    oo .o        |
[   23.129772]          cloud-initStarting LXD - container startup/shutdown...[917]: 
|   . .o..        |
[   23.135049] [[0;32m  OK  [0m] Started System Logging Service.
[[0;32m  OK  [0m] Started Snappy daemon.
cloud-init[917]: |      .+.        |
[   23.147491] [cloud-init[0;32m  OK  [0m[917]: ] +----[SHA256]-----+Started /etc/rc.local Compatibility.

[   23.150946] cloud-init[917]: Generating public/private ecdsa key pair.
[   23.177767] cloud-init[917]: Your identification has been saved in /etc/ssh/ssh_host_ecdsa_key.
[   23.193627] cloud-init[917]: Your public key has been saved in /etc/ssh/ssh_host_ecdsa_key.pub.
[   23.216326] cloud-init[917]: The key fingerprint is:
[   23.248594] cloud-init[917]: SHA256:WqBrOe4eD+NrcBgEp/L+Byc4rjIign/GxUfBxvLzdBQ root@ubuntu-xenial
[[0;32m  OK  [0m] Started LSB: Record successful boot for GRUB.
[[0;32m  OK  [0m] Started LXD - container startup/shutdown.
[   23.278958] cloud-init[917]: The key's randomart image is:
[   23.307317] cloud-init[917]: +---[ECDSA 256]---+
[[0;32m  OK  [0m] Started Login to default iSCSI targets.
[   23.312752] cloud-init[917]: |...    o    E.   |
[   23.342479] cloud-init[917]: | o.   . =   .    |
[   23.351607] cloud-init[917]: |o.    .+ . .     |
[   23.359909] cloud-init[917]: |...  . .+ . .    |
[   23.362483] cloud-init[917]: |  .+.. .S+ .     |
[   23.373517] cloud-init[917]: | .= +o+o. .      |
[   23.385417] cloud-init[917]: |...=O=..         |
[   23.408334] cloud-init[917]: |B .==*.          |
[   23.430032] cloud-init[[0;32m  OK  [0m] Started LSB: MD monitoring daemon.
[917]: |*+.*Bo.          |
[[0;32m  OK  [0m] Started Login Service.
[   23.458945] cloud-init[917]: +----[SHA256]-----+
[   23.480604] cloud-init[917]: Generating public/private ed25519 key pair.
         Starting Authenticate and Authorize Users to Run Privileged Tasks...
[[0;32m  OK  [0m] Reached target Remote File Systems (Pre).
[[0;32m  OK  [0m] Reached target Remote File Systems.
         Starting LSB: automatic crash report generation...
[   23.487715] cloud-init[917]: Your identification has been saved in /etc/ssh/ssh_host_ed25519_key.
         [   23.595998] Starting Permit User Sessions...cloud-init
[917]: Your public key has been saved in /etc/ssh/ssh_host_ed25519_key.pub.
[   23.600285] cloud-init[917]: The key fingerprint is:
[   23.601269] cloud-init[917]: SHA256:Kytf5S7/YWKP1wCe33M3DOom4gL3xSfhviVwzYAGQx8 root@ubuntu-xenial
[   23.628521] cloud-init[917]: The key's randomart image is:
[   23.628809] cloud-init[917]: +--[ED25519 256]--+
         Starting LSB: VirtualBox Linux Additions...
[   23.628943] cloud-init[917]: |    .+ E         |
[   23.720620]          Starting LSB: daemon to balance interrupts for SMP systems...
cloud-init[917]: |      + o        |
[   23.768578]          cloud-initStarting LSB: Set the CPU Frequency Scaling governor to "ondemand"...[917]: 
|       + .       |
[   23.776232]          Starting Auto import assertions from block devices...
cloud-init[917]: |      .  .=      |
[   23.780661] [cloud-init[0;32m  OK  [0m[917]: ] |       .Soo=     |Started Pollinate to seed the pseudo random number generator.

[   23.781292] [cloud-init[0;32m  OK  [0m[917]: ] |   . .  oOo...   |Started Permit User Sessions.

[   23.826576] [cloud-init[0;32m  OK  [0m[917]: ] |    o o =.*o++o  |Started Auto import assertions from block devices.

[   23.830598] [cloud-init[0;32m  OK  [0m[917]: ] |    .. *.=oBo.+oo|Started Authenticate and Authorize Users to Run Privileged Tasks.

[   23.831022] cloud-init[917]: |     o=..+O+o  oo|
[   23.860505] cloud-init[917]: +----[SHA256]-----+
[[0;32m  OK  [0m] Started Accounts Service.
[   23.906117] cloud-init[1078]: Generating locales (this might take a while)...
[[0;32m  OK  [0m] Started LSB: automatic crash report generation.
         Starting Terminate Plymouth Boot Screen...
         Starting Hold until boot process finishes up...
         Starting OpenBSD Secure Shell server...
[[0;32m  OK  [0m] Started OpenBSD Secure Shell server.
[[0;32m  OK  [0m] Started LSB: VirtualBox Linux Additions.
[[0;32m  OK  [0m] Started LSB: daemon to balance interrupts for SMP systems.
[[0;32m  OK  [0m] Started LSB: Set the CPU Frequency Scaling governor to "ondemand".
[[0;32m  OK  [0m] Started Terminate Plymouth Boot Screen.
[[0;32m  OK  [0m] Started Hold until boot process finishes up.
[[0;32m  OK  [0m] Started Getty on tty1.
         Starting Set console scheme...
[[0;32m  OK  [0m] Started Serial Getty on ttyS0.
[[0;32m  OK  [0m] Reached target Login Prompts.
[[0;32m  OK  [0m] Reached target Multi-User System.
[[0;32m  OK  [0m] Reached target Graphical Interface.
         Starting Update UTMP about System Runlevel Changes...
[[0;32m  OK  [0m] Started Set console scheme.
[[0;32m  OK  [0m] Started Update UTMP about System Runlevel Changes.
[   24.607461] cloud-init[1078]:   en_US.UTF-8... done
[   24.636536] cloud-init[1078]: Generation complete.
         Stopping OpenBSD Secure Shell server...
[[0;32m  OK  [0m] Stopped OpenBSD Secure Shell server.
         Starting OpenBSD Secure Shell server...
[[0;32m  OK  [0m] Started OpenBSD Secure Shell server.
[   24.993677] cloud-init[1078]: Cloud-init v. 0.7.9 running 'modules:config' at Fri, 29 Sep 2017 20:46:49 +0000. Up 23.31 seconds.
[[0;32m  OK  [0m] Started Apply the settings specified in cloud-config.
         Starting Execute cloud user/final scripts...
ci-info: no authorized ssh keys fingerprints found for user ubuntu.
<14>Sep 29 20:46:51 ec2: 
<14>Sep 29 20:46:51 ec2: #############################################################
<14>Sep 29 20:46:51 ec2: -----BEGIN SSH HOST KEY FINGERPRINTS-----
<14>Sep 29 20:46:51 ec2: 1024 SHA256:Q2n6BsRIqs1vf/gC8HkRECypcDQ9uY0kmZZolNg7Ieg root@ubuntu-xenial (DSA)
<14>Sep 29 20:46:51 ec2: 256 SHA256:WqBrOe4eD+NrcBgEp/L+Byc4rjIign/GxUfBxvLzdBQ root@ubuntu-xenial (ECDSA)
<14>Sep 29 20:46:51 ec2: 256 SHA256:Kytf5S7/YWKP1wCe33M3DOom4gL3xSfhviVwzYAGQx8 root@ubuntu-xenial (ED25519)
<14>Sep 29 20:46:51 ec2: 2048 SHA256:Kd9J/MldVpYme0XsWmD/JfOuA8xx8Ec318rjzWtB6cw root@ubuntu-xenial (RSA)
<14>Sep 29 20:46:51 ec2: -----END SSH HOST KEY FINGERPRINTS-----
<14>Sep 29 20:46:51 ec2: #############################################################
-----BEGIN SSH HOST KEY KEYS-----
ecdsa-sha2-nistp256 AAAAE2VjZHNhLXNoYTItbmlzdHAyNTYAAAAIbmlzdHAyNTYAAABBBDDFJf4ho18nXSrKU6gq0Jehlo1j7oB/Cio7bEOgZSELTLkllNejetj1l/ZMGCqZG2LTHeM9NkBfbOJsQmad6hw= root@ubuntu-xenial
ssh-ed25519 AAAAC3NzaC1lZDI1NTE5AAAAIOyG1ngs1bPaCyuOT2VHgOps/JNuxx0Tt32/pkFdDSB0 root@ubuntu-xenial
ssh-rsa AAAAB3NzaC1yc2EAAAADAQABAAABAQDBMf2ifVNsscW214DtPmDk8PCWFfTuwyTKFeS9YrzAhZxTZiwpbUf0G3tswq+6Mtev1eGHolCYp4CYGffexB2BcdMQad3pj7DXDWCj91xrS0U53omXdfrMsqXNASYUG8Xp5y1AwSj+vq0osBlY7IfDHyQSIFlhv9Um97cecru/FmskGouTQWsPKxG2IsatZEBgESwcvSnErL32o5FuzkJ/Fh3t+4IjYdOBH9IRLCaPuL3SLF+KunS1cvpy7bT82cpOS7er8XL4q8/fTnhIaYFJyEi62orqyi00JGLKg6OkYyy9LtHj7Hn6wnAdQ9wJc8SairB4sQPEvGUwn2XihRJt root@ubuntu-xenial
-----END SSH HOST KEY KEYS-----
[   25.906326] cloud-init[1288]: Cloud-init v. 0.7.9 running 'modules:final' at Fri, 29 Sep 2017 20:46:51 +0000. Up 25.45 seconds.
[   25.941386] cloud-init[1288]: ci-info: no authorized ssh keys fingerprints found for user ubuntu.
[   25.993171] [cloud-init[0;32m  OK  [0m[1288]: ] Cloud-init v. 0.7.9 finished at Fri, 29 Sep 2017 20:46:51 +0000. Datasource DataSourceNoCloud [seed=/dev/sdb][dsmode=net].  Up 25.89 secondsStarted Execute cloud user/final scripts.

[[0;32m  OK  [0m] Reached target Cloud-init target.

Ubuntu 16.04.3 LTS ubuntu-xenial ttyS0

ubuntu-xenial login: 